<?xml version="1.0" encoding="UTF-8"?>
<!-- Generated by org.testng.reporters.JUnitXMLReporter -->
<testsuite hostname="PUNE-JEEVANK-DT" ignored="1" name="Default test" tests="1" failures="0" timestamp="2019-10-22T18:57:47 IST" time="229.988" errors="0">
  <testcase name="verifyLatestPostWithNoData" time="80.623" classname="com.agriville.qa.testcases.LatestPostTest"/>
  <testcase name="verifyMemberPage" time="0.0" classname="com.agriville.qa.testcases.LatestPostTest">
    <ignored/>
  </testcase> <!-- verifyMemberPage -->
</testsuite> <!-- Default test -->
