<?xml version="1.0" encoding="UTF-8"?>
<testng-results skipped="0" failed="0" ignored="31" total="32" passed="1">
  <reporter-output>
  </reporter-output>
  <suite name="Default suite" duration-ms="59827" started-at="2019-09-19T18:52:54 IST" finished-at="2019-09-19T18:53:54 IST">
    <groups>
    </groups>
    <test name="Default test" duration-ms="59827" started-at="2019-09-19T18:52:54 IST" finished-at="2019-09-19T18:53:54 IST">
      <class name="com.agriville.qa.testcases.disCategoriesTest">
        <test-method status="PASS" signature="SetUp()[pri:0, instance:com.agriville.qa.testcases.disCategoriesTest@bbe345]" name="SetUp" is-config="true" duration-ms="43044" started-at="2019-09-19T18:52:54 IST" finished-at="2019-09-19T18:53:37 IST">
          <reporter-output>
          </reporter-output>
        </test-method> <!-- SetUp -->
        <test-method status="PASS" signature="verifyShowThreadsBeginningDesc()[pri:29, instance:com.agriville.qa.testcases.disCategoriesTest@bbe345]" name="verifyShowThreadsBeginningDesc" duration-ms="15790" started-at="2019-09-19T18:53:38 IST" finished-at="2019-09-19T18:53:53 IST">
          <reporter-output>
          </reporter-output>
        </test-method> <!-- verifyShowThreadsBeginningDesc -->
        <test-method status="PASS" signature="TearDown()[pri:0, instance:com.agriville.qa.testcases.disCategoriesTest@bbe345]" name="TearDown" is-config="true" duration-ms="797" started-at="2019-09-19T18:53:53 IST" finished-at="2019-09-19T18:53:54 IST">
          <reporter-output>
          </reporter-output>
        </test-method> <!-- TearDown -->
      </class> <!-- com.agriville.qa.testcases.disCategoriesTest -->
    </test> <!-- Default test -->
  </suite> <!-- Default suite -->
</testng-results>
